[2024-09-15 17:11:28,367] {taskinstance.py:1179} INFO - Dependencies all met for <TaskInstance: dag_clima.cargar_data manual__2024-09-15T17:11:22.517068+00:00 [queued]>
[2024-09-15 17:11:28,378] {taskinstance.py:1179} INFO - Dependencies all met for <TaskInstance: dag_clima.cargar_data manual__2024-09-15T17:11:22.517068+00:00 [queued]>
[2024-09-15 17:11:28,379] {taskinstance.py:1376} INFO - 
--------------------------------------------------------------------------------
[2024-09-15 17:11:28,379] {taskinstance.py:1377} INFO - Starting attempt 1 of 1
[2024-09-15 17:11:28,380] {taskinstance.py:1378} INFO - 
--------------------------------------------------------------------------------
[2024-09-15 17:11:28,396] {taskinstance.py:1397} INFO - Executing <Task(PythonOperator): cargar_data> on 2024-09-15 17:11:22.517068+00:00
[2024-09-15 17:11:28,403] {standard_task_runner.py:52} INFO - Started process 1639 to run task
[2024-09-15 17:11:28,406] {standard_task_runner.py:79} INFO - Running: ['***', 'tasks', 'run', 'dag_clima', 'cargar_data', 'manual__2024-09-15T17:11:22.517068+00:00', '--job-id', '49', '--raw', '--subdir', 'DAGS_FOLDER/dag_clima.py', '--cfg-path', '/tmp/tmpo1rarzxe', '--error-file', '/tmp/tmpnwiuronu']
[2024-09-15 17:11:28,408] {standard_task_runner.py:80} INFO - Job 49: Subtask cargar_data
[2024-09-15 17:11:28,485] {task_command.py:371} INFO - Running <TaskInstance: dag_clima.cargar_data manual__2024-09-15T17:11:22.517068+00:00 [running]> on host 4abe27884306
[2024-09-15 17:11:28,560] {taskinstance.py:1591} INFO - Exporting the following env vars:
AIRFLOW_CTX_DAG_OWNER=EmanuelGomez
AIRFLOW_CTX_DAG_ID=dag_clima
AIRFLOW_CTX_TASK_ID=cargar_data
AIRFLOW_CTX_EXECUTION_DATE=2024-09-15T17:11:22.517068+00:00
AIRFLOW_CTX_TRY_NUMBER=1
AIRFLOW_CTX_DAG_RUN_ID=manual__2024-09-15T17:11:22.517068+00:00
[2024-09-15 17:11:29,944] {logging_mixin.py:115} INFO - Conexión exitosa a Redshift
[2024-09-15 17:11:30,553] {logging_mixin.py:115} INFO - Table emanuelrgomez19_coderhouse.clima_sede is ready.
[2024-09-15 17:11:31,845] {logging_mixin.py:115} INFO - Conexión exitosa a Redshift
[2024-09-15 17:11:41,189] {logging_mixin.py:115} INFO - Proceso terminado
[2024-09-15 17:11:41,191] {python.py:173} INFO - Done. Returned value was: None
[2024-09-15 17:11:41,215] {taskinstance.py:1420} INFO - Marking task as SUCCESS. dag_id=dag_clima, task_id=cargar_data, execution_date=20240915T171122, start_date=20240915T171128, end_date=20240915T171141
[2024-09-15 17:11:41,268] {local_task_job.py:156} INFO - Task exited with return code 0
[2024-09-15 17:11:41,305] {local_task_job.py:273} INFO - 0 downstream tasks scheduled from follow-on schedule check
