[2024-09-15 17:22:29,402] {taskinstance.py:1179} INFO - Dependencies all met for <TaskInstance: dag_clima.cargar_data manual__2024-09-15T17:22:24.490133+00:00 [queued]>
[2024-09-15 17:22:29,411] {taskinstance.py:1179} INFO - Dependencies all met for <TaskInstance: dag_clima.cargar_data manual__2024-09-15T17:22:24.490133+00:00 [queued]>
[2024-09-15 17:22:29,412] {taskinstance.py:1376} INFO - 
--------------------------------------------------------------------------------
[2024-09-15 17:22:29,413] {taskinstance.py:1377} INFO - Starting attempt 1 of 1
[2024-09-15 17:22:29,415] {taskinstance.py:1378} INFO - 
--------------------------------------------------------------------------------
[2024-09-15 17:22:29,430] {taskinstance.py:1397} INFO - Executing <Task(PythonOperator): cargar_data> on 2024-09-15 17:22:24.490133+00:00
[2024-09-15 17:22:29,434] {standard_task_runner.py:52} INFO - Started process 2020 to run task
[2024-09-15 17:22:29,437] {standard_task_runner.py:79} INFO - Running: ['***', 'tasks', 'run', 'dag_clima', 'cargar_data', 'manual__2024-09-15T17:22:24.490133+00:00', '--job-id', '52', '--raw', '--subdir', 'DAGS_FOLDER/dag_clima.py', '--cfg-path', '/tmp/tmp3vi4fhmt', '--error-file', '/tmp/tmpe8a6urac']
[2024-09-15 17:22:29,439] {standard_task_runner.py:80} INFO - Job 52: Subtask cargar_data
[2024-09-15 17:22:29,513] {task_command.py:371} INFO - Running <TaskInstance: dag_clima.cargar_data manual__2024-09-15T17:22:24.490133+00:00 [running]> on host 4abe27884306
[2024-09-15 17:22:29,584] {taskinstance.py:1591} INFO - Exporting the following env vars:
AIRFLOW_CTX_DAG_OWNER=EmanuelGomez
AIRFLOW_CTX_DAG_ID=dag_clima
AIRFLOW_CTX_TASK_ID=cargar_data
AIRFLOW_CTX_EXECUTION_DATE=2024-09-15T17:22:24.490133+00:00
AIRFLOW_CTX_TRY_NUMBER=1
AIRFLOW_CTX_DAG_RUN_ID=manual__2024-09-15T17:22:24.490133+00:00
[2024-09-15 17:22:30,947] {logging_mixin.py:115} INFO - Conexión exitosa a Redshift
[2024-09-15 17:22:31,520] {logging_mixin.py:115} INFO - Table emanuelrgomez19_coderhouse.clima_sede is ready.
[2024-09-15 17:22:32,811] {logging_mixin.py:115} INFO - Conexión exitosa a Redshift
[2024-09-15 17:22:33,406] {logging_mixin.py:115} INFO - Truncate table emanuelrgomez19_coderhouse.clima_sede.
[2024-09-15 17:22:34,709] {logging_mixin.py:115} INFO - Conexión exitosa a Redshift
[2024-09-15 17:22:35,623] {logging_mixin.py:115} INFO - Proceso terminado
[2024-09-15 17:22:35,624] {python.py:173} INFO - Done. Returned value was: None
[2024-09-15 17:22:35,641] {taskinstance.py:1420} INFO - Marking task as SUCCESS. dag_id=dag_clima, task_id=cargar_data, execution_date=20240915T172224, start_date=20240915T172229, end_date=20240915T172235
[2024-09-15 17:22:35,681] {local_task_job.py:156} INFO - Task exited with return code 0
[2024-09-15 17:22:35,710] {local_task_job.py:273} INFO - 0 downstream tasks scheduled from follow-on schedule check
